<?xml version="1.0" encoding="UTF-8"?>
<testng-results ignored="0" total="2" passed="2" failed="0" skipped="0">
  <reporter-output>
  </reporter-output>
  <suite started-at="2021-09-28T21:37:29 IST" name="Default suite" finished-at="2021-09-28T21:37:33 IST" duration-ms="4212">
    <groups>
    </groups>
    <test started-at="2021-09-28T21:37:29 IST" name="Default test" finished-at="2021-09-28T21:37:33 IST" duration-ms="4212">
      <class name="seleniumexp.SeleniumExample">
        <test-method signature="testHelloWorld()[pri:0, instance:seleniumexp.SeleniumExample@2177849e]" started-at="2021-09-28T21:37:29 IST" name="testHelloWorld" finished-at="2021-09-28T21:37:29 IST" duration-ms="8" status="PASS">
          <reporter-output>
          </reporter-output>
        </test-method> <!-- testHelloWorld -->
        <test-method signature="testHelloWorld2()[pri:0, instance:seleniumexp.SeleniumExample@2177849e]" started-at="2021-09-28T21:37:29 IST" name="testHelloWorld2" finished-at="2021-09-28T21:37:33 IST" duration-ms="4159" status="PASS">
          <reporter-output>
          </reporter-output>
        </test-method> <!-- testHelloWorld2 -->
      </class> <!-- seleniumexp.SeleniumExample -->
    </test> <!-- Default test -->
  </suite> <!-- Default suite -->
</testng-results>
